02:42:20 [INFO] Column "deviceid":
02:42:20 [INFO] Column "new_entry":
02:42:20 [WARN] Collection type
02:42:20 [WARN] UDT Name: "zip"
02:42:20 [DEBUG] cassandra_lib_myself: Value Type => CASS_VALUE_TYPE_VARINT
02:42:20 [INFO] 4365
02:42:20 [WARN] UDT Name: "address"
02:42:20 [DEBUG] cassandra_lib_myself: Value Type => CASS_VALUE_TYPE_ASCII
02:42:20 [INFO] ""qdff-35fds-aq23"" 
02:42:20 [WARN] UDT Name: "mac"
02:42:20 [DEBUG] cassandra_lib_myself: Value Type => CASS_VALUE_TYPE_INET
02:42:20 [INFO] "223.118.9.1"
02:42:20 [WARN] UDT Name: "epoch"
02:42:20 [DEBUG] cassandra_lib_myself: Value Type => CASS_VALUE_TYPE_TIMESTAMP
02:42:20 [INFO] 123456789
02:42:20 [WARN] UDT Name: "new"
02:42:20 [DEBUG] cassandra_lib_myself: Value Type => CASS_VALUE_TYPE_BOOLEAN
02:42:20 [INFO] list udt value: "{\"zip\":\"4365\",\"address\":\"qdff-35fds-aq23\",\"mac\":\"223.118.9.1\",\"epoch\":\"123456789\",\"new\":\"false\"}"
02:42:20 [INFO] Listening on localhost:3009
02:42:20 [DEBUG] hyper::server: threads = 32
02:42:32 [DEBUG] hyper::server: Incoming stream
02:42:32 [TRACE] hyper::buffer: [/home/jeremy/.cargo/registry/src/github.com-1ecc6299db9ec823/hyper-0.10.15/src/buffer.rs:52] get_buf []
02:42:32 [TRACE] hyper::buffer: [/home/jeremy/.cargo/registry/src/github.com-1ecc6299db9ec823/hyper-0.10.15/src/buffer.rs:88] read_into_buf buf[0..4096]
02:42:32 [DEBUG] hyper::server: Incoming stream
02:42:32 [TRACE] hyper::buffer: [/home/jeremy/.cargo/registry/src/github.com-1ecc6299db9ec823/hyper-0.10.15/src/buffer.rs:52] get_buf []
02:42:32 [TRACE] hyper::buffer: [/home/jeremy/.cargo/registry/src/github.com-1ecc6299db9ec823/hyper-0.10.15/src/buffer.rs:88] read_into_buf buf[0..4096]
02:42:33 [TRACE] hyper::buffer: [/home/jeremy/.cargo/registry/src/github.com-1ecc6299db9ec823/hyper-0.10.15/src/buffer.rs:49] get_buf [u8; 4096][0..409]
02:42:33 [TRACE] hyper::http::h1: [/home/jeremy/.cargo/registry/src/github.com-1ecc6299db9ec823/hyper-0.10.15/src/http/h1.rs:907] try_parse([71, 69, 84, 32, 47, 32, 72, 84, 84, 80, 47, 49, 46, 49, 13, 10, 72, 111, 115, 116, 58, 32, 108, 111, 99, 97, 108, 104, 111, 115, 116, 58, 51, 48, 48, 57, 13, 10, 67, 111, 110, 110, 101, 99, 116, 105, 111, 110, 58, 32, 107, 101, 101, 112, 45, 97, 108, 105, 118, 101, 13, 10, 85, 112, 103, 114, 97, 100, 101, 45, 73, 110, 115, 101, 99, 117, 114, 101, 45, 82, 101, 113, 117, 101, 115, 116, 115, 58, 32, 49, 13, 10, 85, 115, 101, 114, 45, 65, 103, 101, 110, 116, 58, 32, 77, 111, 122, 105, 108, 108, 97, 47, 53, 46, 48, 32, 40, 88, 49, 49, 59, 32, 76, 105, 110, 117, 120, 32, 120, 56, 54, 95, 54, 52, 41, 32, 65, 112, 112, 108, 101, 87, 101, 98, 75, 105, 116, 47, 53, 51, 55, 46, 51, 54, 32, 40, 75, 72, 84, 77, 76, 44, 32, 108, 105, 107, 101, 32, 71, 101, 99, 107, 111, 41, 32, 67, 104, 114, 111, 109, 101, 47, 55, 49, 46, 48, 46, 51, 53, 55, 56, 46, 57, 56, 32, 83, 97, 102, 97, 114, 105, 47, 53, 51, 55, 46, 51, 54, 13, 10, 65, 99, 99, 101, 112, 116, 58, 32, 116, 101, 120, 116, 47, 104, 116, 109, 108, 44, 97, 112, 112, 108, 105, 99, 97, 116, 105, 111, 110, 47, 120, 104, 116, 109, 108, 43, 120, 109, 108, 44, 97, 112, 112, 108, 105, 99, 97, 116, 105, 111, 110, 47, 120, 109, 108, 59, 113, 61, 48, 46, 57, 44, 105, 109, 97, 103, 101, 47, 119, 101, 98, 112, 44, 105, 109, 97, 103, 101, 47, 97, 112, 110, 103, 44, 42, 47, 42, 59, 113, 61, 48, 46, 56, 13, 10, 65, 99, 99, 101, 112, 116, 45, 69, 110, 99, 111, 100, 105, 110, 103, 58, 32, 103, 122, 105, 112, 44, 32, 100, 101, 102, 108, 97, 116, 101, 44, 32, 98, 114, 13, 10, 65, 99, 99, 101, 112, 116, 45, 76, 97, 110, 103, 117, 97, 103, 101, 58, 32, 122, 104, 45, 84, 87, 44, 122, 104, 59, 113, 61, 48, 46, 57, 44, 101, 110, 45, 85, 83, 59, 113, 61, 48, 46, 56, 44, 101, 110, 59, 113, 61, 48, 46, 55, 44, 122, 104, 45, 67, 78, 59, 113, 61, 48, 46, 54, 13, 10, 13, 10])
02:42:33 [TRACE] hyper::http::h1: [/home/jeremy/.cargo/registry/src/github.com-1ecc6299db9ec823/hyper-0.10.15/src/http/h1.rs:925] Request.try_parse([Header; 100], [u8; 409])
02:42:33 [TRACE] hyper::http::h1: [/home/jeremy/.cargo/registry/src/github.com-1ecc6299db9ec823/hyper-0.10.15/src/http/h1.rs:929] Request.try_parse Complete(409)
02:42:33 [TRACE] hyper::header: [/home/jeremy/.cargo/registry/src/github.com-1ecc6299db9ec823/hyper-0.10.15/src/header/mod.rs:289] raw header: "Host"=[108, 111, 99, 97, 108, 104, 111, 115, 116, 58, 51, 48, 48, 57]
02:42:33 [TRACE] hyper::header: [/home/jeremy/.cargo/registry/src/github.com-1ecc6299db9ec823/hyper-0.10.15/src/header/mod.rs:289] raw header: "Connection"=[107, 101, 101, 112, 45, 97, 108, 105, 118, 101]
02:42:33 [TRACE] hyper::header: [/home/jeremy/.cargo/registry/src/github.com-1ecc6299db9ec823/hyper-0.10.15/src/header/mod.rs:289] raw header: "Upgrade-Insecure-Requests"=[49]
02:42:33 [TRACE] hyper::header: [/home/jeremy/.cargo/registry/src/github.com-1ecc6299db9ec823/hyper-0.10.15/src/header/mod.rs:289] raw header: "User-Agent"=[77, 111, 122, 105, 108, 108, 97, 47, 53, 46, 48, 32, 40, 88, 49, 49, 59, 32, 76, 105, 110, 117, 120, 32, 120, 56, 54, 95, 54, 52, 41, 32, 65, 112, 112, 108, 101, 87, 101, 98, 75, 105, 116, 47, 53, 51, 55, 46, 51, 54, 32, 40, 75, 72, 84, 77, 76, 44, 32, 108, 105, 107, 101, 32, 71, 101, 99, 107, 111, 41, 32, 67, 104, 114, 111, 109, 101, 47, 55, 49, 46, 48, 46, 51, 53, 55, 56, 46, 57, 56, 32, 83, 97, 102, 97, 114, 105, 47, 53, 51, 55, 46, 51, 54]
02:42:33 [TRACE] hyper::header: [/home/jeremy/.cargo/registry/src/github.com-1ecc6299db9ec823/hyper-0.10.15/src/header/mod.rs:289] raw header: "Accept"=[116, 101, 120, 116, 47, 104, 116, 109, 108, 44, 97, 112, 112, 108, 105, 99, 97, 116, 105, 111, 110, 47, 120, 104, 116, 109, 108, 43, 120, 109, 108, 44, 97, 112, 112, 108, 105, 99, 97, 116, 105, 111, 110, 47, 120, 109, 108, 59, 113, 61, 48, 46, 57, 44, 105, 109, 97, 103, 101, 47, 119, 101, 98, 112, 44, 105, 109, 97, 103, 101, 47, 97, 112, 110, 103, 44, 42, 47, 42, 59, 113, 61, 48, 46, 56]
02:42:33 [TRACE] hyper::header: [/home/jeremy/.cargo/registry/src/github.com-1ecc6299db9ec823/hyper-0.10.15/src/header/mod.rs:289] raw header: "Accept-Encoding"=[103, 122, 105, 112, 44, 32, 100, 101, 102, 108, 97, 116, 101, 44, 32, 98, 114]
02:42:33 [TRACE] hyper::header: [/home/jeremy/.cargo/registry/src/github.com-1ecc6299db9ec823/hyper-0.10.15/src/header/mod.rs:289] raw header: "Accept-Language"=[122, 104, 45, 84, 87, 44, 122, 104, 59, 113, 61, 48, 46, 57, 44, 101, 110, 45, 85, 83, 59, 113, 61, 48, 46, 56, 44, 101, 110, 59, 113, 61, 48, 46, 55, 44, 122, 104, 45, 67, 78, 59, 113, 61, 48, 46, 54]
02:42:33 [DEBUG] hyper::server::request: Request Line: Get AbsolutePath("/") Http11
02:42:33 [DEBUG] hyper::server::request: Headers { Host: localhost:3009
, Connection: keep-alive
, Upgrade-Insecure-Requests: 1
, User-Agent: Mozilla/5.0 (X11; Linux x86_64) AppleWebKit/537.36 (KHTML, like Gecko) Chrome/71.0.3578.98 Safari/537.36
, Accept: text/html,application/xhtml+xml,application/xml;q=0.9,image/webp,image/apng,*/*;q=0.8
, Accept-Encoding: gzip, deflate, br
, Accept-Language: zh-TW,zh;q=0.9,en-US;q=0.8,en;q=0.7,zh-CN;q=0.6
, }
02:42:33 [TRACE] hyper::http: [/home/jeremy/.cargo/registry/src/github.com-1ecc6299db9ec823/hyper-0.10.15/src/http/mod.rs:23] should_keep_alive( Http11, Some(Connection([KeepAlive])) )
02:42:33 [TRACE] hyper::header: [/home/jeremy/.cargo/registry/src/github.com-1ecc6299db9ec823/hyper-0.10.15/src/header/mod.rs:306] Headers.set( "Content-Type", ContentType(Mime(Application, Json, [])) )
02:42:33 [TRACE] hyper::header: [/home/jeremy/.cargo/registry/src/github.com-1ecc6299db9ec823/hyper-0.10.15/src/header/mod.rs:306] Headers.set( "Content-Length", ContentLength(120) )
02:42:33 [TRACE] hyper::header: [/home/jeremy/.cargo/registry/src/github.com-1ecc6299db9ec823/hyper-0.10.15/src/header/mod.rs:306] Headers.set( "Content-Type", ContentType(Mime(Application, Json, [])) )
02:42:33 [DEBUG] hyper::server::response: writing head: Http11 Ok
02:42:33 [TRACE] hyper::header: [/home/jeremy/.cargo/registry/src/github.com-1ecc6299db9ec823/hyper-0.10.15/src/header/mod.rs:306] Headers.set( "Date", Date(HttpDate(Tm { tm_sec: 33, tm_min: 42, tm_hour: 2, tm_mday: 28, tm_mon: 0, tm_year: 119, tm_wday: 1, tm_yday: 27, tm_isdst: 0, tm_utcoff: 0, tm_nsec: 13786104 })) )
02:42:33 [DEBUG] hyper::server::response: headers [
Headers { Content-Type: application/json
, Content-Length: 120
, Date: Mon, 28 Jan 2019 02:42:33 GMT
, }]
02:42:33 [DEBUG] hyper::server::response: write 120 bytes
02:42:33 [TRACE] hyper::server::response: [/home/jeremy/.cargo/registry/src/github.com-1ecc6299db9ec823/hyper-0.10.15/src/server/response.rs:210] ending
02:42:33 [TRACE] hyper::http: [/home/jeremy/.cargo/registry/src/github.com-1ecc6299db9ec823/hyper-0.10.15/src/http/mod.rs:23] should_keep_alive( Http11, None )
02:42:33 [DEBUG] hyper::server: keep_alive = true for 127.0.0.1:56226
02:42:33 [TRACE] hyper::buffer: [/home/jeremy/.cargo/registry/src/github.com-1ecc6299db9ec823/hyper-0.10.15/src/buffer.rs:52] get_buf []
02:42:33 [TRACE] hyper::buffer: [/home/jeremy/.cargo/registry/src/github.com-1ecc6299db9ec823/hyper-0.10.15/src/buffer.rs:88] read_into_buf buf[0..4096]
02:42:38 [DEBUG] hyper::server: ioerror in keepalive loop = Os { code: 11, kind: WouldBlock, message: "Resource temporarily unavailable" }
02:42:38 [DEBUG] hyper::server: keep_alive loop ending for 127.0.0.1:56226
02:42:44 [TRACE] hyper::buffer: [/home/jeremy/.cargo/registry/src/github.com-1ecc6299db9ec823/hyper-0.10.15/src/buffer.rs:52] get_buf []
02:42:44 [DEBUG] hyper::server: ioerror in keepalive loop = Custom { kind: UnexpectedEof, error: StringError("end of stream before headers finished") }
02:42:44 [DEBUG] hyper::server: keep_alive loop ending for 127.0.0.1:56230
